[17:36:08] [main/INFO] (FabricLoader/GameProvider) Loading Minecraft 1.19.3 with Fabric Loader 0.14.17
[17:36:08] [main/INFO] (FabricLoader) Loading 46 mods:
	- fabric-api 0.75.1+1.19.3
	- fabric-api-base 0.4.21+70be179c85
	- fabric-api-lookup-api-v1 1.6.20+49abcf7e85
	- fabric-biome-api-v1 12.1.1+b5d379b085
	- fabric-block-api-v1 1.0.5+e022e5d185
	- fabric-blockrenderlayer-v1 1.1.31+928d44d585
	- fabric-client-tags-api-v1 1.0.12+1134c5b885
	- fabric-command-api-v2 2.2.1+3fc4752e85
	- fabric-content-registries-v0 3.5.1+1d37d50285
	- fabric-convention-tags-v1 1.2.2+8e4e694f85
	- fabric-crash-report-info-v1 0.2.14+aeb40ebe85
	- fabric-data-generation-api-v1 11.3.1+40dc7a9485
	- fabric-dimensions-v1 2.1.42+00a2eb1085
	- fabric-entity-events-v1 1.5.7+b83334a085
	- fabric-events-interaction-v0 0.4.40+3baeb27a85
	- fabric-game-rule-api-v1 1.0.30+99f9db8085
	- fabric-gametest-api-v1 1.2.0+2ff127f585
	- fabric-item-api-v1 2.1.10+312c329485
	- fabric-item-group-api-v1 2.1.12+1134c5b885
	- fabric-key-binding-api-v1 1.0.31+bc01e09785
	- fabric-lifecycle-events-v1 2.2.10+23a79c8a85
	- fabric-loot-api-v2 1.1.20+75e9821185
	- fabric-message-api-v1 5.1.0+c85585f885
	- fabric-mining-level-api-v1 2.1.31+49abcf7e85
	- fabric-models-v0 0.3.27+11ba9c3b85
	- fabric-networking-api-v1 1.2.17+4017a8cb85
	- fabric-object-builder-api-v1 5.4.1+eb2a3ba985
	- fabric-particles-v1 1.0.20+f1e4495b85
	- fabric-recipe-api-v1 1.0.1+5176f73d85
	- fabric-registry-sync-v0 2.1.0+f7b4d36485
	- fabric-renderer-api-v1 2.2.2+3a95925a85
	- fabric-renderer-indigo 0.8.0+3a95925a85
	- fabric-rendering-data-attachment-v1 0.3.25+afca2f3e85
	- fabric-rendering-fluids-v1 3.0.18+f1e4495b85
	- fabric-rendering-v1 1.12.1+eb2a3ba985
	- fabric-resource-conditions-api-v1 2.3.0+e63306e085
	- fabric-resource-loader-v0 0.10.5+a91e48b785
	- fabric-screen-api-v1 1.0.41+f1e4495b85
	- fabric-screen-handler-api-v1 1.3.13+99f9db8085
	- fabric-sound-api-v1 1.0.8+75e9821185
	- fabric-transfer-api-v1 2.1.15+ccd377ba85
	- fabric-transitive-access-wideners-v1 2.3.1+40dc7a9485
	- fabricloader 0.14.17
	- java 17
	- maple 0.4.2
	- minecraft 1.19.3
[17:36:09] [main/INFO] (FabricLoader/Mixin) SpongePowered MIXIN Subsystem Version=0.8.5 Source=file:/C:/Users/maker/.gradle/caches/modules-2/files-2.1/net.fabricmc/sponge-mixin/0.12.4+mixin.0.8.5/e13b4069fe3555969811d4474f78576c707bbe1c/sponge-mixin-0.12.4+mixin.0.8.5.jar Service=Knot/Fabric Env=CLIENT
[17:36:09] [main/INFO] (FabricLoader/Mixin) Loaded Fabric development mappings for mixin remapper!
[17:36:09] [main/INFO] (FabricLoader/Mixin) Compatibility level set to JAVA_16
[17:36:09] [main/INFO] (FabricLoader/Mixin) Compatibility level set to JAVA_17
[17:36:18] [main/INFO] (Minecraft) Building optimized datafixer
[17:36:24] [Render thread/INFO] (Minecraft) Environment: authHost='https://authserver.mojang.com', accountsHost='https://api.mojang.com', sessionHost='https://sessionserver.mojang.com', servicesHost='https://api.minecraftservices.com', name='PROD'
[17:36:26] [Render thread/ERROR] (Minecraft) Failed to verify authentication
com.mojang.authlib.exceptions.InvalidCredentialsException: Status: 401
	at com.mojang.authlib.exceptions.MinecraftClientHttpException.toAuthenticationException(MinecraftClientHttpException.java:56) ~[authlib-3.16.29.jar:?]
	at com.mojang.authlib.yggdrasil.YggdrasilUserApiService.fetchProperties(YggdrasilUserApiService.java:156) ~[authlib-3.16.29.jar:?]
	at com.mojang.authlib.yggdrasil.YggdrasilUserApiService.<init>(YggdrasilUserApiService.java:55) ~[authlib-3.16.29.jar:?]
	at com.mojang.authlib.yggdrasil.YggdrasilAuthenticationService.createUserApiService(YggdrasilAuthenticationService.java:161) ~[authlib-3.16.29.jar:?]
	at net.minecraft.client.MinecraftClient.createUserApiService(MinecraftClient.java:724) ~[minecraft-merged-project-root-1.19.3-net.fabricmc.yarn.1_19_3.1.19.3+build.5-v2.jar:?]
	at net.minecraft.client.MinecraftClient.<init>(MinecraftClient.java:437) ~[minecraft-merged-project-root-1.19.3-net.fabricmc.yarn.1_19_3.1.19.3+build.5-v2.jar:?]
	at net.minecraft.client.main.Main.main(Main.java:205) ~[minecraft-merged-project-root-1.19.3-net.fabricmc.yarn.1_19_3.1.19.3+build.5-v2.jar:?]
	at net.minecraft.client.main.Main.main(Main.java:51) ~[minecraft-merged-project-root-1.19.3-net.fabricmc.yarn.1_19_3.1.19.3+build.5-v2.jar:?]
	at net.fabricmc.loader.impl.game.minecraft.MinecraftGameProvider.launch(MinecraftGameProvider.java:462) ~[fabric-loader-0.14.17.jar:?]
	at net.fabricmc.loader.impl.launch.knot.Knot.launch(Knot.java:74) ~[fabric-loader-0.14.17.jar:?]
	at net.fabricmc.loader.impl.launch.knot.KnotClient.main(KnotClient.java:23) ~[fabric-loader-0.14.17.jar:?]
	at net.fabricmc.devlaunchinjector.Main.main(Main.java:86) ~[dev-launch-injector-0.2.1+build.8.jar:?]
Caused by: com.mojang.authlib.exceptions.MinecraftClientHttpException: Status: 401
	at com.mojang.authlib.minecraft.client.MinecraftClient.readInputStream(MinecraftClient.java:87) ~[authlib-3.16.29.jar:?]
	at com.mojang.authlib.minecraft.client.MinecraftClient.get(MinecraftClient.java:48) ~[authlib-3.16.29.jar:?]
	at com.mojang.authlib.yggdrasil.YggdrasilUserApiService.fetchProperties(YggdrasilUserApiService.java:129) ~[authlib-3.16.29.jar:?]
	... 10 more
[17:36:26] [Render thread/INFO] (Minecraft) Setting user: Player189
[17:36:27] [Render thread/INFO] (Indigo) [Indigo] Registering Indigo renderer!
[17:36:29] [Render thread/INFO] (Minecraft) Backend library: LWJGL version 3.3.1 SNAPSHOT
[17:36:36] [Render thread/INFO] (Minecraft) Narrator library for x64 successfully loaded
[17:36:36] [Render thread/INFO] (Minecraft) Reloading ResourceManager: vanilla, Fabric Mods (Fabric Renderer - Indigo, Fabric Particles (v1), Fabric Recipe API (v1), Fabric Renderer API (v1), Fabric Loot API (v2), Fabric Mining Level API (v1), Fabric Resource Loader (v0), Fabric Message API (v1), Fabric Sound API (v1), Fabric Convention Tags, Fabric Entity Events (v1), Fabric Resource Conditions API (v1), Fabric Game Rule API (v1), Fabric Models (v0), Fabric Screen API (v1), Fabric Item Group API (v1), Fabric Client Tags, Fabric Events Interaction (v0), Fabric Data Generation API (v1), Fabric API Base, Fabric Rendering Fluids (v1), Fabric API, Fabric Transitive Access Wideners (v1), Fabric Crash Report Info (v1), Fabric Loader, Fabric BlockRenderLayer Registration (v1), Fabric Item API (v1), Fabric Game Test API (v1), Fabric Content Registries (v0), Fabric Command API (v2), Fabric Block API (v1), Fabric Transfer API (v1), Fabric Biome API (v1), Fabric Networking API (v1), Fabric Object Builder API (v1), Fabric Dimensions API (v1), Fabric API Lookup API (v1), Fabric Screen Handler API (v1), Fabric Lifecycle Events (v1), Fabric Rendering (v1), Fabric Registry Sync (v0), Fabric Key Binding API (v1), Fabric Rendering Data Attachment (v1), mapleir)
[17:36:37] [Realms Notification Availability checker #1/INFO] (Minecraft) Could not authorize you against Realms server: Invalid session id
[17:36:40] [Render thread/WARN] (Minecraft) Missing sound for event: minecraft:item.goat_horn.play
[17:36:40] [Render thread/WARN] (Minecraft) Missing sound for event: minecraft:entity.goat.screaming.horn_break
[17:36:41] [Render thread/INFO] (Minecraft) OpenAL initialized on device OpenAL Soft on Speakers (Realtek(R) Audio)
[17:36:41] [Render thread/INFO] (Minecraft) Sound engine started
[17:36:41] [Render thread/INFO] (Minecraft) Created: 1024x1024x4 minecraft:textures/atlas/blocks.png-atlas
[17:36:41] [Render thread/INFO] (Minecraft) Created: 512x256x4 minecraft:textures/atlas/signs.png-atlas
[17:36:41] [Render thread/INFO] (Minecraft) Created: 1024x512x4 minecraft:textures/atlas/shield_patterns.png-atlas
[17:36:41] [Render thread/INFO] (Minecraft) Created: 1024x512x4 minecraft:textures/atlas/banner_patterns.png-atlas
[17:36:41] [Render thread/INFO] (Minecraft) Created: 256x256x4 minecraft:textures/atlas/chest.png-atlas
[17:36:41] [Render thread/INFO] (Minecraft) Created: 512x256x4 minecraft:textures/atlas/beds.png-atlas
[17:36:41] [Render thread/INFO] (Minecraft) Created: 512x256x4 minecraft:textures/atlas/shulker_boxes.png-atlas
[17:36:42] [Render thread/WARN] (Minecraft) Shader rendertype_entity_translucent_emissive could not find sampler named Sampler2 in the specified shader program.
[17:36:42] [Render thread/INFO] (Minecraft) Created: 512x256x0 minecraft:textures/atlas/particles.png-atlas
[17:36:42] [Render thread/INFO] (Minecraft) Created: 256x256x0 minecraft:textures/atlas/paintings.png-atlas
[17:36:42] [Render thread/INFO] (Minecraft) Created: 256x128x0 minecraft:textures/atlas/mob_effects.png-atlas
[17:36:49] [Render thread/INFO] (Minecraft) Loaded 7 recipes
[17:36:50] [Render thread/INFO] (Minecraft) Loaded 1179 advancements
[17:36:51] [Render thread/INFO] (BiomeModificationImpl) Applied 0 biome modifications to 0 of 63 new biomes in 2.780 ms
[17:36:51] [Server thread/INFO] (Minecraft) Starting integrated minecraft server version 1.19.3
[17:36:51] [Server thread/INFO] (Minecraft) Generating keypair
[17:36:55] [Server thread/INFO] (Minecraft) Preparing start region for dimension minecraft:overworld
[17:36:59] [Render thread/INFO] (Minecraft) Preparing spawn area: 0%
[17:36:59] [Render thread/INFO] (Minecraft) Preparing spawn area: 0%
[17:36:59] [Render thread/INFO] (Minecraft) Preparing spawn area: 0%
[17:37:00] [Render thread/INFO] (Minecraft) Preparing spawn area: 0%
[17:37:00] [Render thread/INFO] (Minecraft) Preparing spawn area: 0%
[17:37:00] [Render thread/INFO] (Minecraft) Preparing spawn area: 0%
[17:37:00] [Render thread/INFO] (Minecraft) Preparing spawn area: 0%
[17:37:00] [Render thread/INFO] (Minecraft) Preparing spawn area: 0%
[17:37:00] [Render thread/INFO] (Minecraft) Preparing spawn area: 0%
[17:37:00] [Render thread/INFO] (Minecraft) Preparing spawn area: 0%
[17:37:00] [Render thread/INFO] (Minecraft) Preparing spawn area: 0%
[17:37:01] [Render thread/INFO] (Minecraft) Preparing spawn area: 0%
[17:37:01] [Render thread/INFO] (Minecraft) Preparing spawn area: 4%
[17:37:02] [Render thread/INFO] (Minecraft) Preparing spawn area: 16%
[17:37:02] [Render thread/INFO] (Minecraft) Preparing spawn area: 28%
[17:37:03] [Render thread/INFO] (Minecraft) Preparing spawn area: 33%
[17:37:03] [Render thread/INFO] (Minecraft) Preparing spawn area: 54%
[17:37:05] [Render thread/INFO] (Minecraft) Time elapsed: 10250 ms
[17:37:06] [Server thread/INFO] (Minecraft) Changing view distance to 12, from 10
[17:37:06] [Server thread/INFO] (Minecraft) Changing simulation distance to 12, from 0
[17:37:11] [Server thread/INFO] (Minecraft) Player189[local:E:f7851631] logged in with entity id 189 at (234.6779679997593, 74.0, 297.2943689745675)
[17:37:11] [Server thread/INFO] (Minecraft) Player189 joined the game
[17:37:12] [Render thread/INFO] (Minecraft) Loaded 0 advancements
[17:37:14] [Server thread/INFO] (Minecraft) Saving and pausing game...
[17:37:14] [Server thread/INFO] (Minecraft) Saving chunks for level 'ServerLevel[New World]'/minecraft:overworld
[17:37:15] [Server thread/INFO] (Minecraft) Saving chunks for level 'ServerLevel[New World]'/minecraft:the_end
[17:37:15] [Server thread/INFO] (Minecraft) Saving chunks for level 'ServerLevel[New World]'/minecraft:the_nether
[17:37:21] [Server thread/INFO] (Minecraft) Saving and pausing game...
[17:37:21] [Server thread/INFO] (Minecraft) Saving chunks for level 'ServerLevel[New World]'/minecraft:overworld
[17:37:21] [Server thread/INFO] (Minecraft) Saving chunks for level 'ServerLevel[New World]'/minecraft:the_end
[17:37:21] [Server thread/INFO] (Minecraft) Saving chunks for level 'ServerLevel[New World]'/minecraft:the_nether
[17:37:26] [Server thread/INFO] (Minecraft) Saving and pausing game...
[17:37:26] [Server thread/INFO] (Minecraft) Saving chunks for level 'ServerLevel[New World]'/minecraft:overworld
[17:37:26] [Server thread/INFO] (Minecraft) Saving chunks for level 'ServerLevel[New World]'/minecraft:the_end
[17:37:26] [Server thread/INFO] (Minecraft) Saving chunks for level 'ServerLevel[New World]'/minecraft:the_nether
[17:37:32] [Worker-Bootstrap-9/INFO] (Minecraft) 4445 Datafixer optimizations took 74779 milliseconds
[17:37:39] [Server thread/INFO] (Minecraft) Player189 has made the advancement [Suit Up]
[17:37:39] [Render thread/INFO] (Minecraft) [System] [CHAT] Player189 has made the advancement [Suit Up]
[17:37:39] [Render thread/INFO] (Minecraft) Loaded 9 advancements
[17:38:00] [Render thread/INFO] (Minecraft) Loaded 10 advancements
[17:38:03] [Server thread/INFO] (Minecraft) Saving and pausing game...
[17:38:03] [Server thread/INFO] (Minecraft) Saving chunks for level 'ServerLevel[New World]'/minecraft:overworld
[17:38:03] [Server thread/INFO] (Minecraft) Saving chunks for level 'ServerLevel[New World]'/minecraft:the_end
[17:38:03] [Server thread/INFO] (Minecraft) Saving chunks for level 'ServerLevel[New World]'/minecraft:the_nether
[17:38:17] [Server thread/INFO] (Minecraft) Saving and pausing game...
[17:38:17] [Server thread/INFO] (Minecraft) Saving chunks for level 'ServerLevel[New World]'/minecraft:overworld
[17:38:17] [Server thread/INFO] (Minecraft) Saving chunks for level 'ServerLevel[New World]'/minecraft:the_end
[17:38:17] [Server thread/INFO] (Minecraft) Saving chunks for level 'ServerLevel[New World]'/minecraft:the_nether
[17:38:19] [Server thread/INFO] (Minecraft) Saving and pausing game...
[17:38:19] [Server thread/INFO] (Minecraft) Saving chunks for level 'ServerLevel[New World]'/minecraft:overworld
[17:38:19] [Server thread/INFO] (Minecraft) Saving chunks for level 'ServerLevel[New World]'/minecraft:the_end
[17:38:19] [Server thread/INFO] (Minecraft) Saving chunks for level 'ServerLevel[New World]'/minecraft:the_nether
[17:38:23] [Server thread/INFO] (Minecraft) Saving and pausing game...
[17:38:23] [Server thread/INFO] (Minecraft) Saving chunks for level 'ServerLevel[New World]'/minecraft:overworld
[17:38:23] [Server thread/INFO] (Minecraft) Saving chunks for level 'ServerLevel[New World]'/minecraft:the_end
[17:38:23] [Server thread/INFO] (Minecraft) Saving chunks for level 'ServerLevel[New World]'/minecraft:the_nether
[17:40:45] [Server thread/INFO] (Minecraft) Saving and pausing game...
[17:40:45] [Server thread/INFO] (Minecraft) Saving chunks for level 'ServerLevel[New World]'/minecraft:overworld
[17:40:45] [Server thread/INFO] (Minecraft) Saving chunks for level 'ServerLevel[New World]'/minecraft:the_end
[17:40:45] [Server thread/INFO] (Minecraft) Saving chunks for level 'ServerLevel[New World]'/minecraft:the_nether
